<?xml version="1.0" encoding="UTF-8"?>
<!-- Generated by org.testng.reporters.JUnitXMLReporter -->
<testsuite ignored="2" hostname="DESKTOP-GGQ6OF8" failures="0" tests="2" name="Test" time="23.042" errors="0" timestamp="2024-08-15T23:21:41 IST">
  <testcase classname="com.parabank.Testlayer.LoginpageTest" name="validateloginfunctionality" time="2.124"/>
  <testcase classname="com.parabank.Testlayer.RegistrationTest" name="validateregistration" time="13.729"/>
  <testcase classname="com.parabank.Testbase.TestBase" name="@AfterTest end" time="0.0">
    <ignored/>
  </testcase> <!-- @AfterTest end -->
  <testcase classname="com.parabank.Testbase.TestBase" name="@BeforeTest start" time="0.0">
    <ignored/>
  </testcase> <!-- @BeforeTest start -->
</testsuite> <!-- Test -->
