<?xml version="1.0" encoding="UTF-8"?>
<testng-results ignored="0" total="2" passed="2" failed="0" skipped="0">
  <reporter-output>
  </reporter-output>
  <suite started-at="2024-08-15T23:21:18 IST" name="Suite" finished-at="2024-08-15T23:21:41 IST" duration-ms="23042">
    <groups>
    </groups>
    <test started-at="2024-08-15T23:21:18 IST" name="Test" finished-at="2024-08-15T23:21:41 IST" duration-ms="23042">
      <class name="com.parabank.Testlayer.RegistrationTest">
        <test-method is-config="true" signature="setup()[pri:0, instance:com.parabank.Testlayer.RegistrationTest@2a4fb17b]" started-at="2024-08-15T23:21:24 IST" name="setup" finished-at="2024-08-15T23:21:27 IST" duration-ms="2865" status="PASS">
          <reporter-output>
          </reporter-output>
        </test-method> <!-- setup -->
        <test-method signature="validateregistration()[pri:0, instance:com.parabank.Testlayer.RegistrationTest@2a4fb17b]" started-at="2024-08-15T23:21:27 IST" name="validateregistration" finished-at="2024-08-15T23:21:40 IST" duration-ms="13729" status="PASS">
          <reporter-output>
          </reporter-output>
        </test-method> <!-- validateregistration -->
        <test-method is-config="true" signature="tear()[pri:0, instance:com.parabank.Testlayer.RegistrationTest@2a4fb17b]" started-at="2024-08-15T23:21:40 IST" name="tear" finished-at="2024-08-15T23:21:41 IST" duration-ms="198" status="PASS">
          <reporter-output>
          </reporter-output>
        </test-method> <!-- tear -->
      </class> <!-- com.parabank.Testlayer.RegistrationTest -->
      <class name="com.parabank.Testlayer.LoginpageTest">
        <test-method is-config="true" signature="start()[pri:0, instance:com.parabank.Testlayer.LoginpageTest@145f66e3]" started-at="2024-08-15T23:21:18 IST" name="start" finished-at="2024-08-15T23:21:18 IST" duration-ms="116" status="PASS">
          <reporter-output>
          </reporter-output>
        </test-method> <!-- start -->
        <test-method is-config="true" signature="setup()[pri:0, instance:com.parabank.Testlayer.LoginpageTest@145f66e3]" started-at="2024-08-15T23:21:18 IST" name="setup" finished-at="2024-08-15T23:21:21 IST" duration-ms="3808" status="PASS">
          <reporter-output>
          </reporter-output>
        </test-method> <!-- setup -->
        <test-method signature="validateloginfunctionality()[pri:0, instance:com.parabank.Testlayer.LoginpageTest@145f66e3]" started-at="2024-08-15T23:21:21 IST" name="validateloginfunctionality" finished-at="2024-08-15T23:21:24 IST" duration-ms="2124" status="PASS">
          <reporter-output>
          </reporter-output>
        </test-method> <!-- validateloginfunctionality -->
        <test-method is-config="true" signature="tear()[pri:0, instance:com.parabank.Testlayer.LoginpageTest@145f66e3]" started-at="2024-08-15T23:21:24 IST" name="tear" finished-at="2024-08-15T23:21:24 IST" duration-ms="159" status="PASS">
          <reporter-output>
          </reporter-output>
        </test-method> <!-- tear -->
        <test-method is-config="true" signature="end()[pri:0, instance:com.parabank.Testlayer.LoginpageTest@145f66e3]" started-at="2024-08-15T23:21:41 IST" name="end" finished-at="2024-08-15T23:21:41 IST" duration-ms="0" status="PASS">
          <reporter-output>
          </reporter-output>
        </test-method> <!-- end -->
      </class> <!-- com.parabank.Testlayer.LoginpageTest -->
    </test> <!-- Test -->
  </suite> <!-- Suite -->
</testng-results>
